<?xml version="1.0" encoding="UTF-8"?>
<!-- Generated by org.testng.reporters.JUnitReportReporter -->
<testsuite skipped="0" hostname="DESKTOP-SFSL412" name="TestNgPackage.HomeLoans" tests="1" failures="0" timestamp="20 May 2020 08:23:31 GMT" time="0.000" errors="0">
  <testcase name="testcase1" time="0.000" classname="TestNgPackage.HomeLoans"/>
</testsuite> <!-- TestNgPackage.HomeLoans -->
