<?xml version="1.0" encoding="UTF-8"?>
<!-- Generated by org.testng.reporters.JUnitReportReporter -->
<testsuite hostname="DESKTOP-SFSL412" name="TestNgPackage.TestNgDay1" tests="1" failures="0" timestamp="28 May 2020 11:02:14 GMT" time="0.000" errors="0">
  <testcase name="testcase1" time="0.000" classname="TestNgPackage.TestNgDay1"/>
</testsuite> <!-- TestNgPackage.TestNgDay1 -->
