<?xml version="1.0" encoding="UTF-8"?>
<!-- Generated by org.testng.reporters.JUnitReportReporter -->
<testsuite hostname="DESKTOP-SFSL412" failures="0" tests="6" name="TestNgPackage.helperannotations" time="0.000" errors="0" timestamp="03 May 2020 11:59:50 GMT" skipped="1">
  <testcase classname="TestNgPackage.helperannotations" name="MobileTestCase1" time="0.000"/>
  <testcase classname="TestNgPackage.helperannotations" name="BPItestcase1" time="0.000"/>
  <testcase classname="TestNgPackage.helperannotations" name="APItescase2" time="0.000"/>
  <testcase classname="TestNgPackage.helperannotations" name="WebTestCase1" time="0.000"/>
  <testcase classname="TestNgPackage.helperannotations" name="CPItestcase1" time="0.000"/>
  <testcase classname="TestNgPackage.helperannotations" name="ommit">
    <skipped/>
  </testcase> <!-- ommit -->
</testsuite> <!-- TestNgPackage.helperannotations -->
